Analysis & Synthesis report for muxtdm
Mon Oct 12 12:53:56 2020
Quartus Prime Version 15.1.0 Build 185 10/21/2015 SJ Lite Edition


---------------------
; Table of Contents ;
---------------------
  1. Legal Notice
  2. Analysis & Synthesis Summary
  3. Analysis & Synthesis Settings
  4. Parallel Compilation
  5. Analysis & Synthesis Source Files Read
  6. Analysis & Synthesis Resource Usage Summary
  7. Analysis & Synthesis Resource Utilization by Entity
  8. General Register Statistics
  9. Multiplexer Restructuring Statistics (Restructuring Performed)
 10. Post-Synthesis Netlist Statistics for Top Partition
 11. Elapsed Time Per Partition
 12. Analysis & Synthesis Messages



----------------
; Legal Notice ;
----------------
Copyright (C) 1991-2015 Altera Corporation. All rights reserved.
Your use of Altera Corporation's design tools, logic functions 
and other software and tools, and its AMPP partner logic 
functions, and any output files from any of the foregoing 
(including device programming or simulation files), and any 
associated documentation or information are expressly subject 
to the terms and conditions of the Altera Program License 
Subscription Agreement, the Altera Quartus Prime License Agreement,
the Altera MegaCore Function License Agreement, or other 
applicable license agreement, including, without limitation, 
that your use is for the sole purpose of programming logic 
devices manufactured by Altera and sold by Altera or its 
authorized distributors.  Please refer to the applicable 
agreement for further details.



+----------------------------------------------------------------------------------+
; Analysis & Synthesis Summary                                                     ;
+------------------------------------+---------------------------------------------+
; Analysis & Synthesis Status        ; Successful - Mon Oct 12 12:53:56 2020       ;
; Quartus Prime Version              ; 15.1.0 Build 185 10/21/2015 SJ Lite Edition ;
; Revision Name                      ; muxtdm                                      ;
; Top-level Entity Name              ; muxtdm                                      ;
; Family                             ; MAX 10                                      ;
; Total logic elements               ; 10                                          ;
;     Total combinational functions  ; 10                                          ;
;     Dedicated logic registers      ; 0                                           ;
; Total registers                    ; 0                                           ;
; Total pins                         ; 35                                          ;
; Total virtual pins                 ; 0                                           ;
; Total memory bits                  ; 0                                           ;
; Embedded Multiplier 9-bit elements ; 0                                           ;
; Total PLLs                         ; 0                                           ;
; UFM blocks                         ; 0                                           ;
; ADC blocks                         ; 0                                           ;
+------------------------------------+---------------------------------------------+


+----------------------------------------------------------------------------------------------------------------------+
; Analysis & Synthesis Settings                                                                                        ;
+----------------------------------------------------------------------------+--------------------+--------------------+
; Option                                                                     ; Setting            ; Default Value      ;
+----------------------------------------------------------------------------+--------------------+--------------------+
; Device                                                                     ; 10M50DAF484C7G     ;                    ;
; Top-level entity name                                                      ; muxtdm             ; muxtdm             ;
; Family name                                                                ; MAX 10             ; Cyclone V          ;
; Use smart compilation                                                      ; Off                ; Off                ;
; Enable parallel Assembler and TimeQuest Timing Analyzer during compilation ; On                 ; On                 ;
; Enable compact report table                                                ; Off                ; Off                ;
; Restructure Multiplexers                                                   ; Auto               ; Auto               ;
; Create Debugging Nodes for IP Cores                                        ; Off                ; Off                ;
; Preserve fewer node names                                                  ; On                 ; On                 ;
; Disable OpenCore Plus hardware evaluation                                  ; Off                ; Off                ;
; Verilog Version                                                            ; Verilog_2001       ; Verilog_2001       ;
; VHDL Version                                                               ; VHDL_1993          ; VHDL_1993          ;
; State Machine Processing                                                   ; Auto               ; Auto               ;
; Safe State Machine                                                         ; Off                ; Off                ;
; Extract Verilog State Machines                                             ; On                 ; On                 ;
; Extract VHDL State Machines                                                ; On                 ; On                 ;
; Ignore Verilog initial constructs                                          ; Off                ; Off                ;
; Iteration limit for constant Verilog loops                                 ; 5000               ; 5000               ;
; Iteration limit for non-constant Verilog loops                             ; 250                ; 250                ;
; Add Pass-Through Logic to Inferred RAMs                                    ; On                 ; On                 ;
; Infer RAMs from Raw Logic                                                  ; On                 ; On                 ;
; Parallel Synthesis                                                         ; On                 ; On                 ;
; DSP Block Balancing                                                        ; Auto               ; Auto               ;
; NOT Gate Push-Back                                                         ; On                 ; On                 ;
; Power-Up Don't Care                                                        ; On                 ; On                 ;
; Remove Redundant Logic Cells                                               ; Off                ; Off                ;
; Remove Duplicate Registers                                                 ; On                 ; On                 ;
; Ignore CARRY Buffers                                                       ; Off                ; Off                ;
; Ignore CASCADE Buffers                                                     ; Off                ; Off                ;
; Ignore GLOBAL Buffers                                                      ; Off                ; Off                ;
; Ignore ROW GLOBAL Buffers                                                  ; Off                ; Off                ;
; Ignore LCELL Buffers                                                       ; Off                ; Off                ;
; Ignore SOFT Buffers                                                        ; On                 ; On                 ;
; Limit AHDL Integers to 32 Bits                                             ; Off                ; Off                ;
; Optimization Technique                                                     ; Balanced           ; Balanced           ;
; Carry Chain Length                                                         ; 70                 ; 70                 ;
; Auto Carry Chains                                                          ; On                 ; On                 ;
; Auto Open-Drain Pins                                                       ; On                 ; On                 ;
; Perform WYSIWYG Primitive Resynthesis                                      ; Off                ; Off                ;
; Auto ROM Replacement                                                       ; On                 ; On                 ;
; Auto RAM Replacement                                                       ; On                 ; On                 ;
; Auto DSP Block Replacement                                                 ; On                 ; On                 ;
; Auto Shift Register Replacement                                            ; Auto               ; Auto               ;
; Allow Shift Register Merging across Hierarchies                            ; Auto               ; Auto               ;
; Auto Clock Enable Replacement                                              ; On                 ; On                 ;
; Strict RAM Replacement                                                     ; Off                ; Off                ;
; Allow Synchronous Control Signals                                          ; On                 ; On                 ;
; Force Use of Synchronous Clear Signals                                     ; Off                ; Off                ;
; Auto RAM Block Balancing                                                   ; On                 ; On                 ;
; Auto RAM to Logic Cell Conversion                                          ; Off                ; Off                ;
; Auto Resource Sharing                                                      ; Off                ; Off                ;
; Allow Any RAM Size For Recognition                                         ; Off                ; Off                ;
; Allow Any ROM Size For Recognition                                         ; Off                ; Off                ;
; Allow Any Shift Register Size For Recognition                              ; Off                ; Off                ;
; Use LogicLock Constraints during Resource Balancing                        ; On                 ; On                 ;
; Ignore translate_off and synthesis_off directives                          ; Off                ; Off                ;
; Timing-Driven Synthesis                                                    ; On                 ; On                 ;
; Report Parameter Settings                                                  ; On                 ; On                 ;
; Report Source Assignments                                                  ; On                 ; On                 ;
; Report Connectivity Checks                                                 ; On                 ; On                 ;
; Ignore Maximum Fan-Out Assignments                                         ; Off                ; Off                ;
; Synchronization Register Chain Length                                      ; 2                  ; 2                  ;
; PowerPlay Power Optimization During Synthesis                              ; Normal compilation ; Normal compilation ;
; HDL message level                                                          ; Level2             ; Level2             ;
; Suppress Register Optimization Related Messages                            ; Off                ; Off                ;
; Number of Removed Registers Reported in Synthesis Report                   ; 5000               ; 5000               ;
; Number of Swept Nodes Reported in Synthesis Report                         ; 5000               ; 5000               ;
; Number of Inverted Registers Reported in Synthesis Report                  ; 100                ; 100                ;
; Clock MUX Protection                                                       ; On                 ; On                 ;
; Auto Gated Clock Conversion                                                ; Off                ; Off                ;
; Block Design Naming                                                        ; Auto               ; Auto               ;
; SDC constraint protection                                                  ; Off                ; Off                ;
; Synthesis Effort                                                           ; Auto               ; Auto               ;
; Shift Register Replacement - Allow Asynchronous Clear Signal               ; On                 ; On                 ;
; Pre-Mapping Resynthesis Optimization                                       ; Off                ; Off                ;
; Analysis & Synthesis Message Level                                         ; Medium             ; Medium             ;
; Disable Register Merging Across Hierarchies                                ; Auto               ; Auto               ;
; Resource Aware Inference For Block RAM                                     ; On                 ; On                 ;
; Synthesis Seed                                                             ; 1                  ; 1                  ;
+----------------------------------------------------------------------------+--------------------+--------------------+


+------------------------------------------+
; Parallel Compilation                     ;
+----------------------------+-------------+
; Processors                 ; Number      ;
+----------------------------+-------------+
; Number detected on machine ; 6           ;
; Maximum allowed            ; 6           ;
;                            ;             ;
; Average used               ; 1.00        ;
; Maximum used               ; 1           ;
;                            ;             ;
; Usage by Processor         ; % Time Used ;
;     Processor 1            ; 100.0%      ;
+----------------------------+-------------+


+------------------------------------------------------------------------------------------------------------------------------------+
; Analysis & Synthesis Source Files Read                                                                                             ;
+----------------------------------+-----------------+-----------------+---------------------------------------------------+---------+
; File Name with User-Entered Path ; Used in Netlist ; File Type       ; File Name with Absolute Path                      ; Library ;
+----------------------------------+-----------------+-----------------+---------------------------------------------------+---------+
; dec2a4.vhd                       ; yes             ; User VHDL File  ; C:/Users/ANDREA/Desktop/LAB04/EX2/dec2a4.vhd      ;         ;
; cod4a2.vhd                       ; yes             ; User VHDL File  ; C:/Users/ANDREA/Desktop/LAB04/EX2/cod4a2.vhd      ;         ;
; mux4a1.vhd                       ; yes             ; User VHDL File  ; C:/Users/ANDREA/Desktop/LAB04/EX2/mux4a1.vhd      ;         ;
; demux1a4.vhd                     ; yes             ; User VHDL File  ; C:/Users/ANDREA/Desktop/LAB04/EX2/demux1a4.vhd    ;         ;
; my_circuits.vhd                  ; yes             ; User VHDL File  ; C:/Users/ANDREA/Desktop/LAB04/EX2/my_circuits.vhd ;         ;
; muxtdm.vhd                       ; yes             ; User VHDL File  ; C:/Users/ANDREA/Desktop/LAB04/EX2/muxtdm.vhd      ;         ;
+----------------------------------+-----------------+-----------------+---------------------------------------------------+---------+


+----------------------------------------------------------------+
; Analysis & Synthesis Resource Usage Summary                    ;
+---------------------------------------------+------------------+
; Resource                                    ; Usage            ;
+---------------------------------------------+------------------+
; Estimated Total logic elements              ; 10               ;
;                                             ;                  ;
; Total combinational functions               ; 10               ;
; Logic element usage by number of LUT inputs ;                  ;
;     -- 4 input functions                    ; 8                ;
;     -- 3 input functions                    ; 0                ;
;     -- <=2 input functions                  ; 2                ;
;                                             ;                  ;
; Logic elements by mode                      ;                  ;
;     -- normal mode                          ; 10               ;
;     -- arithmetic mode                      ; 0                ;
;                                             ;                  ;
; Total registers                             ; 0                ;
;     -- Dedicated logic registers            ; 0                ;
;     -- I/O registers                        ; 0                ;
;                                             ;                  ;
; I/O pins                                    ; 35               ;
;                                             ;                  ;
; Embedded Multiplier 9-bit elements          ; 0                ;
;                                             ;                  ;
; Maximum fan-out node                        ; cod4a2:co|Y[0]~0 ;
; Maximum fan-out                             ; 6                ;
; Total fan-out                               ; 87               ;
; Average fan-out                             ; 1.09             ;
+---------------------------------------------+------------------+


+-------------------------------------------------------------------------------------------------------------------------------------------------------------------------------------------------------+
; Analysis & Synthesis Resource Utilization by Entity                                                                                                                                                   ;
+----------------------------+-------------------+--------------+-------------+------------+--------------+---------+-----------+------+--------------+------------+---------------------+--------------+
; Compilation Hierarchy Node ; LC Combinationals ; LC Registers ; Memory Bits ; UFM Blocks ; DSP Elements ; DSP 9x9 ; DSP 18x18 ; Pins ; Virtual Pins ; ADC blocks ; Full Hierarchy Name ; Library Name ;
+----------------------------+-------------------+--------------+-------------+------------+--------------+---------+-----------+------+--------------+------------+---------------------+--------------+
; |muxtdm                    ; 10 (0)            ; 0 (0)        ; 0           ; 0          ; 0            ; 0       ; 0         ; 35   ; 0            ; 0          ; |muxtdm             ; work         ;
;    |cod4a2:co|             ; 2 (2)             ; 0 (0)        ; 0           ; 0          ; 0            ; 0       ; 0         ; 0    ; 0            ; 0          ; |muxtdm|cod4a2:co   ; work         ;
;    |mux4a1:mux|            ; 8 (8)             ; 0 (0)        ; 0           ; 0          ; 0            ; 0       ; 0         ; 0    ; 0            ; 0          ; |muxtdm|mux4a1:mux  ; work         ;
+----------------------------+-------------------+--------------+-------------+------------+--------------+---------+-----------+------+--------------+------------+---------------------+--------------+
Note: For table entries with two numbers listed, the numbers in parentheses indicate the number of resources of the given type used by the specific entity alone. The numbers listed outside of parentheses indicate the total resources of the given type used by the specific entity and all of its sub-entities in the hierarchy.


+------------------------------------------------------+
; General Register Statistics                          ;
+----------------------------------------------+-------+
; Statistic                                    ; Value ;
+----------------------------------------------+-------+
; Total registers                              ; 0     ;
; Number of registers using Synchronous Clear  ; 0     ;
; Number of registers using Synchronous Load   ; 0     ;
; Number of registers using Asynchronous Clear ; 0     ;
; Number of registers using Asynchronous Load  ; 0     ;
; Number of registers using Clock Enable       ; 0     ;
; Number of registers using Preset             ; 0     ;
+----------------------------------------------+-------+


+------------------------------------------------------------------------------------------------------------------------------------------+
; Multiplexer Restructuring Statistics (Restructuring Performed)                                                                           ;
+--------------------+-----------+---------------+----------------------+------------------------+------------+----------------------------+
; Multiplexer Inputs ; Bus Width ; Baseline Area ; Area if Restructured ; Saving if Restructured ; Registered ; Example Multiplexer Output ;
+--------------------+-----------+---------------+----------------------+------------------------+------------+----------------------------+
; 4:1                ; 4 bits    ; 8 LEs         ; 8 LEs                ; 0 LEs                  ; No         ; |muxtdm|mux4a1:mux|f[0]    ;
+--------------------+-----------+---------------+----------------------+------------------------+------------+----------------------------+


+-----------------------------------------------------+
; Post-Synthesis Netlist Statistics for Top Partition ;
+-----------------------+-----------------------------+
; Type                  ; Count                       ;
+-----------------------+-----------------------------+
; boundary_port         ; 35                          ;
; cycloneiii_lcell_comb ; 10                          ;
;     normal            ; 10                          ;
;         2 data inputs ; 2                           ;
;         4 data inputs ; 8                           ;
;                       ;                             ;
; Max LUT depth         ; 3.00                        ;
; Average LUT depth     ; 2.17                        ;
+-----------------------+-----------------------------+


+-------------------------------+
; Elapsed Time Per Partition    ;
+----------------+--------------+
; Partition Name ; Elapsed Time ;
+----------------+--------------+
; Top            ; 00:00:00     ;
+----------------+--------------+


+-------------------------------+
; Analysis & Synthesis Messages ;
+-------------------------------+
Info: *******************************************************************
Info: Running Quartus Prime Analysis & Synthesis
    Info: Version 15.1.0 Build 185 10/21/2015 SJ Lite Edition
    Info: Processing started: Mon Oct 12 12:53:47 2020
Info: Command: quartus_map --read_settings_files=on --write_settings_files=off muxtdm -c muxtdm
Info (20030): Parallel compilation is enabled and will use 6 of the 6 processors detected
Info (12021): Found 2 design units, including 1 entities, in source file dec2a4.vhd
    Info (12022): Found design unit 1: dec2a4-logic4 File: C:/Users/ANDREA/Desktop/LAB04/EX2/dec2a4.vhd Line: 10
    Info (12023): Found entity 1: dec2a4 File: C:/Users/ANDREA/Desktop/LAB04/EX2/dec2a4.vhd Line: 4
Info (12021): Found 2 design units, including 1 entities, in source file cod4a2.vhd
    Info (12022): Found design unit 1: cod4a2-logic3 File: C:/Users/ANDREA/Desktop/LAB04/EX2/cod4a2.vhd Line: 9
    Info (12023): Found entity 1: cod4a2 File: C:/Users/ANDREA/Desktop/LAB04/EX2/cod4a2.vhd Line: 4
Info (12021): Found 2 design units, including 1 entities, in source file mux4a1.vhd
    Info (12022): Found design unit 1: mux4a1-logic2 File: C:/Users/ANDREA/Desktop/LAB04/EX2/mux4a1.vhd Line: 10
    Info (12023): Found entity 1: mux4a1 File: C:/Users/ANDREA/Desktop/LAB04/EX2/mux4a1.vhd Line: 4
Info (12021): Found 2 design units, including 1 entities, in source file demux1a4.vhd
    Info (12022): Found design unit 1: demux1a4-logic1 File: C:/Users/ANDREA/Desktop/LAB04/EX2/demux1a4.vhd Line: 10
    Info (12023): Found entity 1: demux1a4 File: C:/Users/ANDREA/Desktop/LAB04/EX2/demux1a4.vhd Line: 4
Info (12021): Found 1 design units, including 0 entities, in source file my_circuits.vhd
    Info (12022): Found design unit 1: my_circuits File: C:/Users/ANDREA/Desktop/LAB04/EX2/my_circuits.vhd Line: 4
Info (12021): Found 2 design units, including 1 entities, in source file muxtdm.vhd
    Info (12022): Found design unit 1: muxtdm-logic File: C:/Users/ANDREA/Desktop/LAB04/EX2/muxtdm.vhd Line: 12
    Info (12023): Found entity 1: muxtdm File: C:/Users/ANDREA/Desktop/LAB04/EX2/muxtdm.vhd Line: 5
Info (12127): Elaborating entity "muxtdm" for the top level hierarchy
Info (12128): Elaborating entity "dec2a4" for hierarchy "dec2a4:deco" File: C:/Users/ANDREA/Desktop/LAB04/EX2/muxtdm.vhd Line: 17
Info (12128): Elaborating entity "cod4a2" for hierarchy "cod4a2:co" File: C:/Users/ANDREA/Desktop/LAB04/EX2/muxtdm.vhd Line: 18
Info (12128): Elaborating entity "mux4a1" for hierarchy "mux4a1:mux" File: C:/Users/ANDREA/Desktop/LAB04/EX2/muxtdm.vhd Line: 19
Info (12128): Elaborating entity "demux1a4" for hierarchy "demux1a4:demux" File: C:/Users/ANDREA/Desktop/LAB04/EX2/muxtdm.vhd Line: 20
Info (286030): Timing-Driven Synthesis is running
Info (16010): Generating hard_block partition "hard_block:auto_generated_inst"
    Info (16011): Adding 0 node(s), including 0 DDIO, 0 PLL, 0 transceiver and 0 LCELL
Info (21057): Implemented 45 device resources after synthesis - the final resource count might be different
    Info (21058): Implemented 19 input pins
    Info (21059): Implemented 16 output pins
    Info (21061): Implemented 10 logic cells
Info: Quartus Prime Analysis & Synthesis was successful. 0 errors, 0 warnings
    Info: Peak virtual memory: 4964 megabytes
    Info: Processing ended: Mon Oct 12 12:53:56 2020
    Info: Elapsed time: 00:00:09
    Info: Total CPU time (on all processors): 00:00:18


