Analysis & Synthesis report for reloj
Mon Nov 02 21:10:30 2020
Quartus Prime Version 15.1.0 Build 185 10/21/2015 SJ Lite Edition


---------------------
; Table of Contents ;
---------------------
  1. Legal Notice
  2. Analysis & Synthesis Summary
  3. Analysis & Synthesis Settings
  4. Parallel Compilation
  5. Analysis & Synthesis Source Files Read
  6. Analysis & Synthesis Resource Usage Summary
  7. Analysis & Synthesis Resource Utilization by Entity
  8. Registers Removed During Synthesis
  9. Removed Registers Triggering Further Register Optimizations
 10. General Register Statistics
 11. Multiplexer Restructuring Statistics (Restructuring Performed)
 12. Port Connectivity Checks: "counter_mod_min:contadormin"
 13. Port Connectivity Checks: "counter_mod_seg:contadorseg"
 14. Post-Synthesis Netlist Statistics for Top Partition
 15. Elapsed Time Per Partition
 16. Analysis & Synthesis Messages



----------------
; Legal Notice ;
----------------
Copyright (C) 1991-2015 Altera Corporation. All rights reserved.
Your use of Altera Corporation's design tools, logic functions 
and other software and tools, and its AMPP partner logic 
functions, and any output files from any of the foregoing 
(including device programming or simulation files), and any 
associated documentation or information are expressly subject 
to the terms and conditions of the Altera Program License 
Subscription Agreement, the Altera Quartus Prime License Agreement,
the Altera MegaCore Function License Agreement, or other 
applicable license agreement, including, without limitation, 
that your use is for the sole purpose of programming logic 
devices manufactured by Altera and sold by Altera or its 
authorized distributors.  Please refer to the applicable 
agreement for further details.



+----------------------------------------------------------------------------------+
; Analysis & Synthesis Summary                                                     ;
+------------------------------------+---------------------------------------------+
; Analysis & Synthesis Status        ; Successful - Mon Nov 02 21:10:30 2020       ;
; Quartus Prime Version              ; 15.1.0 Build 185 10/21/2015 SJ Lite Edition ;
; Revision Name                      ; reloj                                       ;
; Top-level Entity Name              ; reloj                                       ;
; Family                             ; MAX 10                                      ;
; Total logic elements               ; 50                                          ;
;     Total combinational functions  ; 50                                          ;
;     Dedicated logic registers      ; 17                                          ;
; Total registers                    ; 17                                          ;
; Total pins                         ; 33                                          ;
; Total virtual pins                 ; 0                                           ;
; Total memory bits                  ; 0                                           ;
; Embedded Multiplier 9-bit elements ; 0                                           ;
; Total PLLs                         ; 0                                           ;
; UFM blocks                         ; 0                                           ;
; ADC blocks                         ; 0                                           ;
+------------------------------------+---------------------------------------------+


+----------------------------------------------------------------------------------------------------------------------+
; Analysis & Synthesis Settings                                                                                        ;
+----------------------------------------------------------------------------+--------------------+--------------------+
; Option                                                                     ; Setting            ; Default Value      ;
+----------------------------------------------------------------------------+--------------------+--------------------+
; Device                                                                     ; 10M50DAF484C7G     ;                    ;
; Top-level entity name                                                      ; reloj              ; reloj              ;
; Family name                                                                ; MAX 10             ; Cyclone V          ;
; Use smart compilation                                                      ; Off                ; Off                ;
; Enable parallel Assembler and TimeQuest Timing Analyzer during compilation ; On                 ; On                 ;
; Enable compact report table                                                ; Off                ; Off                ;
; Restructure Multiplexers                                                   ; Auto               ; Auto               ;
; Create Debugging Nodes for IP Cores                                        ; Off                ; Off                ;
; Preserve fewer node names                                                  ; On                 ; On                 ;
; Disable OpenCore Plus hardware evaluation                                  ; Off                ; Off                ;
; Verilog Version                                                            ; Verilog_2001       ; Verilog_2001       ;
; VHDL Version                                                               ; VHDL_1993          ; VHDL_1993          ;
; State Machine Processing                                                   ; Auto               ; Auto               ;
; Safe State Machine                                                         ; Off                ; Off                ;
; Extract Verilog State Machines                                             ; On                 ; On                 ;
; Extract VHDL State Machines                                                ; On                 ; On                 ;
; Ignore Verilog initial constructs                                          ; Off                ; Off                ;
; Iteration limit for constant Verilog loops                                 ; 5000               ; 5000               ;
; Iteration limit for non-constant Verilog loops                             ; 250                ; 250                ;
; Add Pass-Through Logic to Inferred RAMs                                    ; On                 ; On                 ;
; Infer RAMs from Raw Logic                                                  ; On                 ; On                 ;
; Parallel Synthesis                                                         ; On                 ; On                 ;
; DSP Block Balancing                                                        ; Auto               ; Auto               ;
; NOT Gate Push-Back                                                         ; On                 ; On                 ;
; Power-Up Don't Care                                                        ; On                 ; On                 ;
; Remove Redundant Logic Cells                                               ; Off                ; Off                ;
; Remove Duplicate Registers                                                 ; On                 ; On                 ;
; Ignore CARRY Buffers                                                       ; Off                ; Off                ;
; Ignore CASCADE Buffers                                                     ; Off                ; Off                ;
; Ignore GLOBAL Buffers                                                      ; Off                ; Off                ;
; Ignore ROW GLOBAL Buffers                                                  ; Off                ; Off                ;
; Ignore LCELL Buffers                                                       ; Off                ; Off                ;
; Ignore SOFT Buffers                                                        ; On                 ; On                 ;
; Limit AHDL Integers to 32 Bits                                             ; Off                ; Off                ;
; Optimization Technique                                                     ; Balanced           ; Balanced           ;
; Carry Chain Length                                                         ; 70                 ; 70                 ;
; Auto Carry Chains                                                          ; On                 ; On                 ;
; Auto Open-Drain Pins                                                       ; On                 ; On                 ;
; Perform WYSIWYG Primitive Resynthesis                                      ; Off                ; Off                ;
; Auto ROM Replacement                                                       ; On                 ; On                 ;
; Auto RAM Replacement                                                       ; On                 ; On                 ;
; Auto DSP Block Replacement                                                 ; On                 ; On                 ;
; Auto Shift Register Replacement                                            ; Auto               ; Auto               ;
; Allow Shift Register Merging across Hierarchies                            ; Auto               ; Auto               ;
; Auto Clock Enable Replacement                                              ; On                 ; On                 ;
; Strict RAM Replacement                                                     ; Off                ; Off                ;
; Allow Synchronous Control Signals                                          ; On                 ; On                 ;
; Force Use of Synchronous Clear Signals                                     ; Off                ; Off                ;
; Auto RAM Block Balancing                                                   ; On                 ; On                 ;
; Auto RAM to Logic Cell Conversion                                          ; Off                ; Off                ;
; Auto Resource Sharing                                                      ; Off                ; Off                ;
; Allow Any RAM Size For Recognition                                         ; Off                ; Off                ;
; Allow Any ROM Size For Recognition                                         ; Off                ; Off                ;
; Allow Any Shift Register Size For Recognition                              ; Off                ; Off                ;
; Use LogicLock Constraints during Resource Balancing                        ; On                 ; On                 ;
; Ignore translate_off and synthesis_off directives                          ; Off                ; Off                ;
; Timing-Driven Synthesis                                                    ; On                 ; On                 ;
; Report Parameter Settings                                                  ; On                 ; On                 ;
; Report Source Assignments                                                  ; On                 ; On                 ;
; Report Connectivity Checks                                                 ; On                 ; On                 ;
; Ignore Maximum Fan-Out Assignments                                         ; Off                ; Off                ;
; Synchronization Register Chain Length                                      ; 2                  ; 2                  ;
; PowerPlay Power Optimization During Synthesis                              ; Normal compilation ; Normal compilation ;
; HDL message level                                                          ; Level2             ; Level2             ;
; Suppress Register Optimization Related Messages                            ; Off                ; Off                ;
; Number of Removed Registers Reported in Synthesis Report                   ; 5000               ; 5000               ;
; Number of Swept Nodes Reported in Synthesis Report                         ; 5000               ; 5000               ;
; Number of Inverted Registers Reported in Synthesis Report                  ; 100                ; 100                ;
; Clock MUX Protection                                                       ; On                 ; On                 ;
; Auto Gated Clock Conversion                                                ; Off                ; Off                ;
; Block Design Naming                                                        ; Auto               ; Auto               ;
; SDC constraint protection                                                  ; Off                ; Off                ;
; Synthesis Effort                                                           ; Auto               ; Auto               ;
; Shift Register Replacement - Allow Asynchronous Clear Signal               ; On                 ; On                 ;
; Pre-Mapping Resynthesis Optimization                                       ; Off                ; Off                ;
; Analysis & Synthesis Message Level                                         ; Medium             ; Medium             ;
; Disable Register Merging Across Hierarchies                                ; Auto               ; Auto               ;
; Resource Aware Inference For Block RAM                                     ; On                 ; On                 ;
; Synthesis Seed                                                             ; 1                  ; 1                  ;
+----------------------------------------------------------------------------+--------------------+--------------------+


+------------------------------------------+
; Parallel Compilation                     ;
+----------------------------+-------------+
; Processors                 ; Number      ;
+----------------------------+-------------+
; Number detected on machine ; 6           ;
; Maximum allowed            ; 6           ;
;                            ;             ;
; Average used               ; 1.00        ;
; Maximum used               ; 6           ;
;                            ;             ;
; Usage by Processor         ; % Time Used ;
;     Processor 1            ; 100.0%      ;
;     Processors 2-6         ; < 0.1%      ;
+----------------------------+-------------+


+----------------------------------------------------------------------------------------------------------------------------------------+
; Analysis & Synthesis Source Files Read                                                                                                 ;
+----------------------------------+-----------------+-----------------+-------------------------------------------------------+---------+
; File Name with User-Entered Path ; Used in Netlist ; File Type       ; File Name with Absolute Path                          ; Library ;
+----------------------------------+-----------------+-----------------+-------------------------------------------------------+---------+
; counter_mod_seg.vhd              ; yes             ; User VHDL File  ; C:/Users/ANDREA/Desktop/LAB06/EX1/counter_mod_seg.vhd ;         ;
; counter_mod_min.vhd              ; yes             ; User VHDL File  ; C:/Users/ANDREA/Desktop/LAB06/EX1/counter_mod_min.vhd ;         ;
; divisor_freq.vhd                 ; yes             ; User VHDL File  ; C:/Users/ANDREA/Desktop/LAB06/EX1/divisor_freq.vhd    ;         ;
; my_components.vhd                ; yes             ; User VHDL File  ; C:/Users/ANDREA/Desktop/LAB06/EX1/my_components.vhd   ;         ;
; reloj.vhd                        ; yes             ; User VHDL File  ; C:/Users/ANDREA/Desktop/LAB06/EX1/reloj.vhd           ;         ;
+----------------------------------+-----------------+-----------------+-------------------------------------------------------+---------+


+---------------------------------------------------------+
; Analysis & Synthesis Resource Usage Summary             ;
+---------------------------------------------+-----------+
; Resource                                    ; Usage     ;
+---------------------------------------------+-----------+
; Estimated Total logic elements              ; 50        ;
;                                             ;           ;
; Total combinational functions               ; 50        ;
; Logic element usage by number of LUT inputs ;           ;
;     -- 4 input functions                    ; 27        ;
;     -- 3 input functions                    ; 17        ;
;     -- <=2 input functions                  ; 6         ;
;                                             ;           ;
; Logic elements by mode                      ;           ;
;     -- normal mode                          ; 50        ;
;     -- arithmetic mode                      ; 0         ;
;                                             ;           ;
; Total registers                             ; 17        ;
;     -- Dedicated logic registers            ; 17        ;
;     -- I/O registers                        ; 0         ;
;                                             ;           ;
; I/O pins                                    ; 33        ;
;                                             ;           ;
; Embedded Multiplier 9-bit elements          ; 0         ;
;                                             ;           ;
; Maximum fan-out node                        ; g_reset_n ;
; Maximum fan-out                             ; 17        ;
; Total fan-out                               ; 274       ;
; Average fan-out                             ; 2.06      ;
+---------------------------------------------+-----------+


+----------------------------------------------------------------------------------------------------------------------------------------------------------------------------------------------------------------------------+
; Analysis & Synthesis Resource Utilization by Entity                                                                                                                                                                        ;
+----------------------------------+-------------------+--------------+-------------+------------+--------------+---------+-----------+------+--------------+------------+------------------------------------+--------------+
; Compilation Hierarchy Node       ; LC Combinationals ; LC Registers ; Memory Bits ; UFM Blocks ; DSP Elements ; DSP 9x9 ; DSP 18x18 ; Pins ; Virtual Pins ; ADC blocks ; Full Hierarchy Name                ; Library Name ;
+----------------------------------+-------------------+--------------+-------------+------------+--------------+---------+-----------+------+--------------+------------+------------------------------------+--------------+
; |reloj                           ; 50 (21)           ; 17 (0)       ; 0           ; 0          ; 0            ; 0       ; 0         ; 33   ; 0            ; 0          ; |reloj                             ; work         ;
;    |counter_mod_min:contadormin| ; 8 (8)             ; 4 (4)        ; 0           ; 0          ; 0            ; 0       ; 0         ; 0    ; 0            ; 0          ; |reloj|counter_mod_min:contadormin ; work         ;
;    |counter_mod_seg:contadorseg| ; 16 (16)           ; 8 (8)        ; 0           ; 0          ; 0            ; 0       ; 0         ; 0    ; 0            ; 0          ; |reloj|counter_mod_seg:contadorseg ; work         ;
;    |divisor_freq:divisorfre|     ; 5 (5)             ; 5 (5)        ; 0           ; 0          ; 0            ; 0       ; 0         ; 0    ; 0            ; 0          ; |reloj|divisor_freq:divisorfre     ; work         ;
+----------------------------------+-------------------+--------------+-------------+------------+--------------+---------+-----------+------+--------------+------------+------------------------------------+--------------+
Note: For table entries with two numbers listed, the numbers in parentheses indicate the number of resources of the given type used by the specific entity alone. The numbers listed outside of parentheses indicate the total resources of the given type used by the specific entity and all of its sub-entities in the hierarchy.


+--------------------------------------------------------------------------------+
; Registers Removed During Synthesis                                             ;
+---------------------------------------+----------------------------------------+
; Register name                         ; Reason for Removal                     ;
+---------------------------------------+----------------------------------------+
; counter_mod_min:contadormin|c[0..3]   ; Stuck at GND due to stuck port data_in ;
; Total Number of Removed Registers = 4 ;                                        ;
+---------------------------------------+----------------------------------------+


+-------------------------------------------------------------------------------------------------------+
; Removed Registers Triggering Further Register Optimizations                                           ;
+----------------------------------+---------------------------+----------------------------------------+
; Register name                    ; Reason for Removal        ; Registers Removed due to This Register ;
+----------------------------------+---------------------------+----------------------------------------+
; counter_mod_min:contadormin|c[0] ; Stuck at GND              ; counter_mod_min:contadormin|c[1]       ;
;                                  ; due to stuck port data_in ;                                        ;
+----------------------------------+---------------------------+----------------------------------------+


+------------------------------------------------------+
; General Register Statistics                          ;
+----------------------------------------------+-------+
; Statistic                                    ; Value ;
+----------------------------------------------+-------+
; Total registers                              ; 17    ;
; Number of registers using Synchronous Clear  ; 0     ;
; Number of registers using Synchronous Load   ; 0     ;
; Number of registers using Asynchronous Clear ; 17    ;
; Number of registers using Asynchronous Load  ; 0     ;
; Number of registers using Clock Enable       ; 0     ;
; Number of registers using Preset             ; 0     ;
+----------------------------------------------+-------+


+-------------------------------------------------------------------------------------------------------------------------------------------------------+
; Multiplexer Restructuring Statistics (Restructuring Performed)                                                                                        ;
+--------------------+-----------+---------------+----------------------+------------------------+------------+-----------------------------------------+
; Multiplexer Inputs ; Bus Width ; Baseline Area ; Area if Restructured ; Saving if Restructured ; Registered ; Example Multiplexer Output              ;
+--------------------+-----------+---------------+----------------------+------------------------+------------+-----------------------------------------+
; 3:1                ; 4 bits    ; 8 LEs         ; 4 LEs                ; 4 LEs                  ; Yes        ; |reloj|counter_mod_seg:contadorseg|a[2] ;
; 3:1                ; 4 bits    ; 8 LEs         ; 4 LEs                ; 4 LEs                  ; Yes        ; |reloj|counter_mod_seg:contadorseg|c[3] ;
; 3:1                ; 4 bits    ; 8 LEs         ; 4 LEs                ; 4 LEs                  ; Yes        ; |reloj|counter_mod_min:contadormin|c[1] ;
; 4:1                ; 4 bits    ; 8 LEs         ; 4 LEs                ; 4 LEs                  ; Yes        ; |reloj|counter_mod_min:contadormin|a[3] ;
+--------------------+-----------+---------------+----------------------+------------------------+------------+-----------------------------------------+


+--------------------------------------------------------------------------------------------------------------------+
; Port Connectivity Checks: "counter_mod_min:contadormin"                                                            ;
+----------+--------+----------+-------------------------------------------------------------------------------------+
; Port     ; Type   ; Severity ; Details                                                                             ;
+----------+--------+----------+-------------------------------------------------------------------------------------+
; q2[3..2] ; Output ; Info     ; Connected to dangling logic. Logic that only feeds a dangling port will be removed. ;
+----------+--------+----------+-------------------------------------------------------------------------------------+


+-----------------------------------------------------------------------------------------------------------------+
; Port Connectivity Checks: "counter_mod_seg:contadorseg"                                                         ;
+-------+--------+----------+-------------------------------------------------------------------------------------+
; Port  ; Type   ; Severity ; Details                                                                             ;
+-------+--------+----------+-------------------------------------------------------------------------------------+
; q2[3] ; Output ; Info     ; Connected to dangling logic. Logic that only feeds a dangling port will be removed. ;
+-------+--------+----------+-------------------------------------------------------------------------------------+


+-----------------------------------------------------+
; Post-Synthesis Netlist Statistics for Top Partition ;
+-----------------------+-----------------------------+
; Type                  ; Count                       ;
+-----------------------+-----------------------------+
; boundary_port         ; 33                          ;
; cycloneiii_ff         ; 17                          ;
;     CLR               ; 17                          ;
; cycloneiii_lcell_comb ; 64                          ;
;     normal            ; 64                          ;
;         0 data inputs ; 2                           ;
;         1 data inputs ; 13                          ;
;         2 data inputs ; 5                           ;
;         3 data inputs ; 17                          ;
;         4 data inputs ; 27                          ;
;                       ;                             ;
; Max LUT depth         ; 3.00                        ;
; Average LUT depth     ; 1.95                        ;
+-----------------------+-----------------------------+


+-------------------------------+
; Elapsed Time Per Partition    ;
+----------------+--------------+
; Partition Name ; Elapsed Time ;
+----------------+--------------+
; Top            ; 00:00:00     ;
+----------------+--------------+


+-------------------------------+
; Analysis & Synthesis Messages ;
+-------------------------------+
Info: *******************************************************************
Info: Running Quartus Prime Analysis & Synthesis
    Info: Version 15.1.0 Build 185 10/21/2015 SJ Lite Edition
    Info: Processing started: Mon Nov 02 21:10:20 2020
Info: Command: quartus_map --read_settings_files=on --write_settings_files=off reloj -c reloj
Info (20030): Parallel compilation is enabled and will use 6 of the 6 processors detected
Info (12021): Found 2 design units, including 1 entities, in source file counter_mod_seg.vhd
    Info (12022): Found design unit 1: counter_mod_seg-logica1 File: C:/Users/ANDREA/Desktop/LAB06/EX1/counter_mod_seg.vhd Line: 12
    Info (12023): Found entity 1: counter_mod_seg File: C:/Users/ANDREA/Desktop/LAB06/EX1/counter_mod_seg.vhd Line: 6
Info (12021): Found 2 design units, including 1 entities, in source file counter_mod_min.vhd
    Info (12022): Found design unit 1: counter_mod_min-logica2 File: C:/Users/ANDREA/Desktop/LAB06/EX1/counter_mod_min.vhd Line: 11
    Info (12023): Found entity 1: counter_mod_min File: C:/Users/ANDREA/Desktop/LAB06/EX1/counter_mod_min.vhd Line: 5
Info (12021): Found 2 design units, including 1 entities, in source file divisor_freq.vhd
    Info (12022): Found design unit 1: divisor_freq-structural File: C:/Users/ANDREA/Desktop/LAB06/EX1/divisor_freq.vhd Line: 27
    Info (12023): Found entity 1: divisor_freq File: C:/Users/ANDREA/Desktop/LAB06/EX1/divisor_freq.vhd Line: 21
Info (12021): Found 1 design units, including 0 entities, in source file my_components.vhd
    Info (12022): Found design unit 1: my_components File: C:/Users/ANDREA/Desktop/LAB06/EX1/my_components.vhd Line: 4
Info (12021): Found 2 design units, including 1 entities, in source file reloj.vhd
    Info (12022): Found design unit 1: reloj-logica File: C:/Users/ANDREA/Desktop/LAB06/EX1/reloj.vhd Line: 14
    Info (12023): Found entity 1: reloj File: C:/Users/ANDREA/Desktop/LAB06/EX1/reloj.vhd Line: 5
Info (12127): Elaborating entity "reloj" for the top level hierarchy
Warning (10492): VHDL Process Statement warning at reloj.vhd(55): signal "q2" is read inside the Process Statement but isn't in the Process Statement's sensitivity list File: C:/Users/ANDREA/Desktop/LAB06/EX1/reloj.vhd Line: 55
Warning (10492): VHDL Process Statement warning at reloj.vhd(63): signal "p1" is read inside the Process Statement but isn't in the Process Statement's sensitivity list File: C:/Users/ANDREA/Desktop/LAB06/EX1/reloj.vhd Line: 63
Warning (10492): VHDL Process Statement warning at reloj.vhd(76): signal "p2" is read inside the Process Statement but isn't in the Process Statement's sensitivity list File: C:/Users/ANDREA/Desktop/LAB06/EX1/reloj.vhd Line: 76
Info (12128): Elaborating entity "counter_mod_seg" for hierarchy "counter_mod_seg:contadorseg" File: C:/Users/ANDREA/Desktop/LAB06/EX1/reloj.vhd Line: 26
Warning (10631): VHDL Process Statement warning at counter_mod_seg.vhd(48): inferring latch(es) for signal or variable "max_seg", which holds its previous value in one or more paths through the process File: C:/Users/ANDREA/Desktop/LAB06/EX1/counter_mod_seg.vhd Line: 48
Info (10041): Inferred latch for "max_seg" at counter_mod_seg.vhd(48) File: C:/Users/ANDREA/Desktop/LAB06/EX1/counter_mod_seg.vhd Line: 48
Info (12128): Elaborating entity "counter_mod_min" for hierarchy "counter_mod_min:contadormin" File: C:/Users/ANDREA/Desktop/LAB06/EX1/reloj.vhd Line: 27
Warning (10631): VHDL Process Statement warning at counter_mod_min.vhd(48): inferring latch(es) for signal or variable "max_min", which holds its previous value in one or more paths through the process File: C:/Users/ANDREA/Desktop/LAB06/EX1/counter_mod_min.vhd Line: 48
Info (10041): Inferred latch for "max_min" at counter_mod_min.vhd(48) File: C:/Users/ANDREA/Desktop/LAB06/EX1/counter_mod_min.vhd Line: 48
Info (12128): Elaborating entity "divisor_freq" for hierarchy "divisor_freq:divisorfre" File: C:/Users/ANDREA/Desktop/LAB06/EX1/reloj.vhd Line: 28
Warning (13024): Output pins are stuck at VCC or GND
    Warning (13410): Pin "max_value" is stuck at VCC File: C:/Users/ANDREA/Desktop/LAB06/EX1/reloj.vhd Line: 7
    Warning (13410): Pin "segundos_decenas[2]" is stuck at VCC File: C:/Users/ANDREA/Desktop/LAB06/EX1/reloj.vhd Line: 8
    Warning (13410): Pin "minutos_decenas[7]" is stuck at GND File: C:/Users/ANDREA/Desktop/LAB06/EX1/reloj.vhd Line: 10
    Warning (13410): Pin "minutos_decenas[6]" is stuck at VCC File: C:/Users/ANDREA/Desktop/LAB06/EX1/reloj.vhd Line: 10
    Warning (13410): Pin "minutos_decenas[5]" is stuck at VCC File: C:/Users/ANDREA/Desktop/LAB06/EX1/reloj.vhd Line: 10
    Warning (13410): Pin "minutos_decenas[4]" is stuck at VCC File: C:/Users/ANDREA/Desktop/LAB06/EX1/reloj.vhd Line: 10
    Warning (13410): Pin "minutos_decenas[3]" is stuck at VCC File: C:/Users/ANDREA/Desktop/LAB06/EX1/reloj.vhd Line: 10
    Warning (13410): Pin "minutos_decenas[2]" is stuck at VCC File: C:/Users/ANDREA/Desktop/LAB06/EX1/reloj.vhd Line: 10
    Warning (13410): Pin "minutos_decenas[1]" is stuck at VCC File: C:/Users/ANDREA/Desktop/LAB06/EX1/reloj.vhd Line: 10
Info (286030): Timing-Driven Synthesis is running
Info (16010): Generating hard_block partition "hard_block:auto_generated_inst"
    Info (16011): Adding 0 node(s), including 0 DDIO, 0 PLL, 0 transceiver and 0 LCELL
Info (21057): Implemented 83 device resources after synthesis - the final resource count might be different
    Info (21058): Implemented 4 input pins
    Info (21059): Implemented 29 output pins
    Info (21061): Implemented 50 logic cells
Info: Quartus Prime Analysis & Synthesis was successful. 0 errors, 15 warnings
    Info: Peak virtual memory: 4988 megabytes
    Info: Processing ended: Mon Nov 02 21:10:30 2020
    Info: Elapsed time: 00:00:10
    Info: Total CPU time (on all processors): 00:00:18


